{"level":"error","message":"login success : {\"acknowledged\":true,\"modifiedCount\":0,\"upsertedId\":null,\"upsertedCount\":0,\"matchedCount\":1}","timestamp":"Mon 25-Apr-yy 02:36:50 AM"}
{"level":"error","message":"login success : {\"acknowledged\":true,\"modifiedCount\":0,\"upsertedId\":null,\"upsertedCount\":0,\"matchedCount\":1}","timestamp":"Mon 25-Apr-yy 02:38:19 AM"}
{"level":"error","message":"login success : {\"acknowledged\":true,\"modifiedCount\":0,\"upsertedId\":null,\"upsertedCount\":0,\"matchedCount\":1}","timestamp":"Mon 25-Apr-yy 02:57:58 AM"}
{"level":"error","message":"*********** view order *************{}","timestamp":"Mon 25-Apr-yy 03:22:49 AM"}
{"level":"error","message":"*********** view order *************{}","timestamp":"Mon 25-Apr-yy 03:26:58 AM"}
{"level":"error","message":"add cart : {\"productId\":\"62615494becd8df13230ab48\"}","timestamp":"Wed 27-Apr-yy 12:42:27 PM"}
{"level":"error","message":"add cart : {\"productId\":\"6261fe50becd8df13230ab60\"}","timestamp":"Wed 27-Apr-yy 02:40:11 PM"}
{"level":"error","message":"delete cart product: {\"stringValue\":\"\\\"{ _id: undefined }\\\"\",\"valueType\":\"Object\",\"kind\":\"ObjectId\",\"value\":{},\"path\":\"productList\",\"reason\":{},\"name\":\"CastError\",\"message\":\"Cast to ObjectId failed for value \\\"{ _id: undefined }\\\" (type Object) at path \\\"productList\\\"\"}","timestamp":"Wed 27-Apr-yy 04:02:05 PM"}
{"level":"error","message":"delete cart product: {\"stringValue\":\"\\\"{ _id: undefined }\\\"\",\"valueType\":\"Object\",\"kind\":\"ObjectId\",\"value\":{},\"path\":\"productList\",\"reason\":{},\"name\":\"CastError\",\"message\":\"Cast to ObjectId failed for value \\\"{ _id: undefined }\\\" (type Object) at path \\\"productList\\\"\"}","timestamp":"Wed 27-Apr-yy 04:05:09 PM"}
{"level":"error","message":"*********** view order *************{}","timestamp":"Fri 13-May-yy 12:04:38 PM"}
{"level":"error","message":"*********** place order *************{}","timestamp":"Fri 13-May-yy 12:08:59 PM"}
{"level":"error","message":"error occured in router: {\"stringValue\":\"\\\"{}\\\"\",\"valueType\":\"Object\",\"kind\":\"string\",\"value\":{},\"path\":\"address\",\"reason\":null,\"name\":\"CastError\",\"message\":\"Cast to string failed for value \\\"{}\\\" (type Object) at path \\\"address\\\"\"}","timestamp":"Tue 17-May-yy 04:09:38 PM"}
{"level":"error","message":"error occured in router: {\"stringValue\":\"\\\"{}\\\"\",\"valueType\":\"Object\",\"kind\":\"string\",\"value\":{},\"path\":\"address\",\"reason\":null,\"name\":\"CastError\",\"message\":\"Cast to string failed for value \\\"{}\\\" (type Object) at path \\\"address\\\"\"}","timestamp":"Tue 17-May-yy 04:09:39 PM"}
{"level":"error","message":"error occured in router: {\"stringValue\":\"\\\"{}\\\"\",\"valueType\":\"Object\",\"kind\":\"string\",\"value\":{},\"path\":\"address\",\"reason\":null,\"name\":\"CastError\",\"message\":\"Cast to string failed for value \\\"{}\\\" (type Object) at path \\\"address\\\"\"}","timestamp":"Tue 17-May-yy 04:09:41 PM"}
{"level":"error","message":"error occured in router: {\"stringValue\":\"\\\"{}\\\"\",\"valueType\":\"Object\",\"kind\":\"string\",\"value\":{},\"path\":\"address\",\"reason\":null,\"name\":\"CastError\",\"message\":\"Cast to string failed for value \\\"{}\\\" (type Object) at path \\\"address\\\"\"}","timestamp":"Tue 17-May-yy 04:09:55 PM"}
{"level":"error","message":"error occured in router: {\"stringValue\":\"\\\"{}\\\"\",\"valueType\":\"Object\",\"kind\":\"string\",\"value\":{},\"path\":\"address\",\"reason\":null,\"name\":\"CastError\",\"message\":\"Cast to string failed for value \\\"{}\\\" (type Object) at path \\\"address\\\"\"}","timestamp":"Tue 17-May-yy 04:09:56 PM"}
{"level":"error","message":"error occured in router: {\"stringValue\":\"\\\"{}\\\"\",\"valueType\":\"Object\",\"kind\":\"string\",\"value\":{},\"path\":\"address\",\"reason\":null,\"name\":\"CastError\",\"message\":\"Cast to string failed for value \\\"{}\\\" (type Object) at path \\\"address\\\"\"}","timestamp":"Tue 17-May-yy 04:11:32 PM"}
{"level":"error","message":"error occured in router: {\"stringValue\":\"\\\"{}\\\"\",\"valueType\":\"Object\",\"kind\":\"string\",\"value\":{},\"path\":\"address\",\"reason\":null,\"name\":\"CastError\",\"message\":\"Cast to string failed for value \\\"{}\\\" (type Object) at path \\\"address\\\"\"}","timestamp":"Tue 17-May-yy 04:11:36 PM"}
{"level":"error","message":"error occured in router: {\"stringValue\":\"\\\"{}\\\"\",\"valueType\":\"Object\",\"kind\":\"string\",\"value\":{},\"path\":\"address\",\"reason\":null,\"name\":\"CastError\",\"message\":\"Cast to string failed for value \\\"{}\\\" (type Object) at path \\\"address\\\"\"}","timestamp":"Tue 17-May-yy 04:11:38 PM"}
{"level":"error","message":"error occured in router: {\"stringValue\":\"\\\"{}\\\"\",\"valueType\":\"Object\",\"kind\":\"string\",\"value\":{},\"path\":\"address\",\"reason\":null,\"name\":\"CastError\",\"message\":\"Cast to string failed for value \\\"{}\\\" (type Object) at path \\\"address\\\"\"}","timestamp":"Tue 17-May-yy 04:13:13 PM"}
{"level":"error","message":"error occured in router: {\"stringValue\":\"\\\"{}\\\"\",\"valueType\":\"Object\",\"kind\":\"string\",\"value\":{},\"path\":\"address\",\"reason\":null,\"name\":\"CastError\",\"message\":\"Cast to string failed for value \\\"{}\\\" (type Object) at path \\\"address\\\"\"}","timestamp":"Tue 17-May-yy 04:14:31 PM"}
{"level":"error","message":"error occured in router: {\"stringValue\":\"\\\"{}\\\"\",\"valueType\":\"Object\",\"kind\":\"string\",\"value\":{},\"path\":\"address\",\"reason\":null,\"name\":\"CastError\",\"message\":\"Cast to string failed for value \\\"{}\\\" (type Object) at path \\\"address\\\"\"}","timestamp":"Tue 17-May-yy 04:17:05 PM"}
{"level":"error","message":"error occured in router: {\"stringValue\":\"\\\"{}\\\"\",\"valueType\":\"Object\",\"kind\":\"string\",\"value\":{},\"path\":\"address\",\"reason\":null,\"name\":\"CastError\",\"message\":\"Cast to string failed for value \\\"{}\\\" (type Object) at path \\\"address\\\"\"}","timestamp":"Tue 17-May-yy 04:17:07 PM"}
{"level":"error","message":"error occured in router: {\"stringValue\":\"\\\"{}\\\"\",\"valueType\":\"Object\",\"kind\":\"string\",\"value\":{},\"path\":\"address\",\"reason\":null,\"name\":\"CastError\",\"message\":\"Cast to string failed for value \\\"{}\\\" (type Object) at path \\\"address\\\"\"}","timestamp":"Tue 17-May-yy 04:17:08 PM"}
{"level":"error","message":"error occured in router: {\"stringValue\":\"\\\"{}\\\"\",\"valueType\":\"Object\",\"kind\":\"string\",\"value\":{},\"path\":\"address\",\"reason\":null,\"name\":\"CastError\",\"message\":\"Cast to string failed for value \\\"{}\\\" (type Object) at path \\\"address\\\"\"}","timestamp":"Tue 17-May-yy 11:47:07 PM"}
{"level":"error","message":"login success : {\"acknowledged\":true,\"modifiedCount\":0,\"upsertedId\":null,\"upsertedCount\":0,\"matchedCount\":1}","timestamp":"Sat 21-May-yy 12:58:21 AM"}
{"level":"error","message":"login success : {\"acknowledged\":true,\"modifiedCount\":0,\"upsertedId\":null,\"upsertedCount\":0,\"matchedCount\":1}","timestamp":"Sat 21-May-yy 12:58:21 AM"}
{"level":"error","message":"login success : {\"acknowledged\":true,\"modifiedCount\":0,\"upsertedId\":null,\"upsertedCount\":0,\"matchedCount\":1}","timestamp":"Sat 21-May-yy 12:58:21 AM"}
{"level":"error","message":"login success : {\"acknowledged\":true,\"modifiedCount\":0,\"upsertedId\":null,\"upsertedCount\":0,\"matchedCount\":1}","timestamp":"Sat 21-May-yy 12:58:41 AM"}
{"level":"error","message":"login success : {\"acknowledged\":true,\"modifiedCount\":0,\"upsertedId\":null,\"upsertedCount\":0,\"matchedCount\":1}","timestamp":"Sat 21-May-yy 12:59:12 AM"}
{"level":"error","message":"login success : {\"acknowledged\":true,\"modifiedCount\":0,\"upsertedId\":null,\"upsertedCount\":0,\"matchedCount\":1}","timestamp":"Sat 21-May-yy 12:59:30 AM"}
{"level":"error","message":"login success : {\"acknowledged\":true,\"modifiedCount\":0,\"upsertedId\":null,\"upsertedCount\":0,\"matchedCount\":1}","timestamp":"Sun 22-May-yy 10:28:03 PM"}
